
Fatbin elf code:
================
arch = sm_20
code version = [1,4]
producer = cuda
host = linux
compile_size = 64bit
identifier = vectorAdd.cu

	code for sm_20
		Function : _Z6VecAddPKfS0_Pfi
	/*0000*/     /*0x00005de428004404*/ 	MOV R1, c [0x1] [0x100];
	/*0008*/     /*0x94001c042c000000*/ 	S2R R0, SR_CTAid_X;
	/*0010*/     /*0x84009c042c000000*/ 	S2R R2, SR_Tid_X;
	/*0018*/     /*0x20001c0320044000*/ 	IMAD.U32.U32 R0, R0, c [0x0] [0x8], R2;
	/*0020*/     /*0xe001dc231b0e4000*/ 	ISETP.GE.AND P0, pt, R0, c [0x0] [0x38], pt;
	/*0028*/     /*0x000001e780000000*/ 	@P0 EXIT;
	/*0030*/     /*0x10015de218000000*/ 	MOV32I R5, 0x4;
	/*0038*/     /*0x10011ce35000c000*/ 	IMUL.HI R4, R0, 0x4;
	/*0040*/     /*0x80009ca3200b8000*/ 	IMAD R2.CC, R0, R5, c [0x0] [0x20];
	/*0048*/     /*0x9040dc4348004000*/ 	IADD.X R3, R4, c [0x0] [0x24];
	/*0050*/     /*0xa0019ca3200b8000*/ 	IMAD R6.CC, R0, R5, c [0x0] [0x28];
	/*0058*/     /*0x0020dc8584000000*/ 	LD.E R3, [R2];
	/*0060*/     /*0xb041dc4348004000*/ 	IADD.X R7, R4, c [0x0] [0x2c];
	/*0068*/     /*0xc0021ca3200b8000*/ 	IMAD R8.CC, R0, R5, c [0x0] [0x30];
	/*0070*/     /*0x00609c8584000000*/ 	LD.E R2, [R6];
	/*0078*/     /*0xd0425c4348004000*/ 	IADD.X R9, R4, c [0x0] [0x34];
	/*0080*/     /*0x08301c0050000000*/ 	FADD R0, R3, R2;
	/*0088*/     /*0x00801c8594000000*/ 	ST.E [R8], R0;
	/*0090*/     /*0x00001de780000000*/ 	EXIT;
		...................................


